104 968
0 0
0 5
0 10
0 15
0 26
0 40
0 45
0 47
0 56
0 67
0 68
0 69
0 76
0 79
0 81
0 83
0 91
0 93
0 97
0 102
1 1
2 2
3 3
3 21
4 4
5 5
5 15
5 69
5 79
5 91
5 93
6 6
7 4
7 5
7 7
7 8
7 11
7 12
7 15
7 24
7 26
7 27
7 28
7 29
7 33
7 42
7 43
7 45
7 47
7 48
7 50
7 53
7 55
7 56
7 57
7 58
7 59
7 62
7 65
7 67
7 68
7 69
7 70
7 72
7 76
7 78
7 79
7 82
7 83
7 90
7 91
7 93
7 97
7 98
7 99
7 102
8 5
8 8
8 15
8 42
8 45
8 47
8 56
8 62
8 67
8 68
8 69
8 72
8 76
8 78
8 79
8 91
8 93
8 97
8 102
9 9
10 10
10 81
11 4
11 5
11 8
11 11
11 12
11 15
11 24
11 26
11 27
11 28
11 29
11 33
11 42
11 43
11 45
11 47
11 48
11 50
11 53
11 55
11 56
11 57
11 58
11 59
11 62
11 65
11 67
11 68
11 69
11 70
11 72
11 76
11 78
11 79
11 82
11 83
11 90
11 91
11 93
11 97
11 98
11 99
11 102
12 4
12 5
12 8
12 12
12 15
12 24
12 26
12 27
12 42
12 45
12 47
12 55
12 56
12 57
12 59
12 62
12 67
12 68
12 69
12 72
12 76
12 78
12 79
12 83
12 91
12 93
12 97
12 99
12 102
13 13
14 14
15 15
15 93
16 16
16 24
16 26
16 27
16 55
16 83
17 16
17 17
17 24
17 26
17 27
17 39
17 47
17 55
17 56
17 67
17 71
17 76
17 83
17 84
17 102
18 18
19 19
19 29
19 54
19 89
20 4
20 5
20 8
20 15
20 20
20 42
20 45
20 47
20 56
20 59
20 62
20 67
20 68
20 69
20 72
20 76
20 78
20 79
20 91
20 93
20 97
20 102
21 21
22 4
22 5
22 8
22 12
22 15
22 22
22 24
22 26
22 27
22 33
22 35
22 42
22 45
22 47
22 51
22 55
22 56
22 57
22 59
22 62
22 67
22 68
22 69
22 72
22 76
22 78
22 79
22 83
22 91
22 93
22 97
22 99
22 102
23 23
23 101
24 24
24 26
24 27
24 55
24 83
25 25
25 72
25 77
26 26
26 83
27 24
27 26
27 27
27 55
27 83
28 28
29 29
30 30
30 67
30 102
31 4
31 5
31 8
31 11
31 12
31 15
31 24
31 26
31 27
31 28
31 29
31 31
31 33
31 42
31 43
31 45
31 47
31 48
31 50
31 53
31 55
31 56
31 57
31 58
31 59
31 62
31 65
31 67
31 68
31 69
31 70
31 72
31 76
31 78
31 79
31 80
31 82
31 83
31 90
31 91
31 93
31 97
31 98
31 99
31 102
32 32
33 4
33 5
33 8
33 12
33 15
33 24
33 26
33 27
33 33
33 42
33 45
33 47
33 55
33 56
33 57
33 59
33 62
33 67
33 68
33 69
33 72
33 76
33 78
33 79
33 83
33 91
33 93
33 97
33 99
33 102
34 18
34 29
34 34
34 89
35 35
36 21
36 36
37 18
37 37
38 38
38 90
39 16
39 24
39 26
39 27
39 39
39 47
39 55
39 56
39 67
39 71
39 76
39 83
39 84
39 102
40 40
41 41
41 48
41 50
42 5
42 15
42 42
42 45
42 47
42 56
42 62
42 67
42 68
42 69
42 72
42 76
42 78
42 79
42 91
42 93
42 97
42 102
43 43
43 48
43 50
43 90
44 44
44 67
44 102
45 5
45 15
45 45
45 47
45 56
45 67
45 68
45 69
45 76
45 79
45 91
45 93
45 97
45 102
46 4
46 5
46 8
46 12
46 15
46 16
46 24
46 26
46 27
46 33
46 42
46 45
46 46
46 47
46 55
46 56
46 57
46 59
46 62
46 67
46 68
46 69
46 71
46 72
46 76
46 78
46 79
46 83
46 88
46 91
46 93
46 97
46 99
46 102
47 47
48 48
48 50
49 16
49 17
49 24
49 26
49 27
49 39
49 47
49 48
49 49
49 50
49 55
49 56
49 67
49 71
49 76
49 83
49 84
49 102
50 50
51 4
51 5
51 8
51 12
51 15
51 24
51 26
51 27
51 33
51 35
51 42
51 45
51 47
51 51
51 55
51 56
51 57
51 59
51 62
51 67
51 68
51 69
51 72
51 76
51 78
51 79
51 83
51 91
51 93
51 97
51 99
51 102
52 52
53 4
53 5
53 8
53 12
53 15
53 24
53 26
53 27
53 28
53 29
53 33
53 42
53 43
53 45
53 47
53 48
53 50
53 53
53 55
53 56
53 57
53 58
53 59
53 62
53 65
53 67
53 68
53 69
53 70
53 72
53 76
53 78
53 79
53 82
53 83
53 90
53 91
53 93
53 97
53 98
53 99
53 102
54 29
54 54
54 89
55 24
55 26
55 27
55 55
55 83
56 47
56 56
56 67
56 102
57 4
57 5
57 8
57 15
57 42
57 45
57 47
57 56
57 57
57 59
57 62
57 67
57 68
57 69
57 72
57 76
57 78
57 79
57 91
57 93
57 97
57 102
58 4
58 5
58 8
58 12
58 15
58 24
58 26
58 27
58 28
58 33
58 42
58 45
58 47
58 55
58 56
58 57
58 58
58 59
58 62
58 67
58 68
58 69
58 72
58 76
58 78
58 79
58 82
58 83
58 91
58 93
58 97
58 99
58 102
59 4
59 5
59 8
59 15
59 42
59 45
59 47
59 56
59 59
59 62
59 67
59 68
59 69
59 72
59 76
59 78
59 79
59 91
59 93
59 97
59 102
60 5
60 15
60 60
60 69
60 79
60 91
60 93
61 61
62 5
62 15
62 42
62 45
62 47
62 56
62 62
62 67
62 68
62 69
62 72
62 76
62 78
62 79
62 91
62 93
62 97
62 102
63 63
64 5
64 8
64 15
64 42
64 45
64 47
64 56
64 62
64 64
64 67
64 68
64 69
64 72
64 76
64 78
64 79
64 91
64 93
64 97
64 102
65 4
65 5
65 8
65 12
65 15
65 24
65 26
65 27
65 28
65 33
65 42
65 43
65 45
65 47
65 48
65 50
65 55
65 56
65 57
65 58
65 59
65 62
65 65
65 67
65 68
65 69
65 72
65 76
65 78
65 79
65 82
65 83
65 90
65 91
65 93
65 97
65 99
65 102
66 4
66 5
66 8
66 12
66 15
66 16
66 24
66 26
66 27
66 33
66 42
66 45
66 46
66 47
66 55
66 56
66 57
66 59
66 62
66 66
66 67
66 68
66 69
66 71
66 72
66 76
66 78
66 79
66 83
66 88
66 91
66 93
66 97
66 99
66 102
67 67
67 102
68 5
68 15
68 68
68 69
68 79
68 91
68 93
69 69
70 29
70 70
70 98
71 16
71 24
71 26
71 27
71 47
71 55
71 56
71 67
71 71
71 83
71 102
72 72
73 73
74 74
75 75
75 93
76 76
77 77
78 5
78 15
78 42
78 45
78 47
78 56
78 62
78 67
78 68
78 69
78 72
78 76
78 78
78 79
78 91
78 93
78 97
78 102
79 79
80 24
80 26
80 27
80 55
80 80
80 83
81 81
82 4
82 5
82 8
82 12
82 15
82 24
82 26
82 27
82 33
82 42
82 45
82 47
82 55
82 56
82 57
82 59
82 62
82 67
82 68
82 69
82 72
82 76
82 78
82 79
82 82
82 83
82 91
82 93
82 97
82 99
82 102
83 83
84 16
84 24
84 26
84 27
84 47
84 55
84 56
84 67
84 71
84 83
84 84
84 102
85 1
85 52
85 85
86 79
86 86
87 87
88 16
88 24
88 26
88 27
88 55
88 83
88 88
89 29
89 89
90 90
91 15
91 79
91 91
91 93
92 1
92 10
92 24
92 26
92 27
92 52
92 55
92 81
92 83
92 85
92 92
93 93
94 52
94 94
95 95
96 24
96 26
96 27
96 55
96 83
96 96
97 5
97 15
97 47
97 56
97 67
97 68
97 69
97 79
97 91
97 93
97 97
97 102
98 29
98 98
99 24
99 26
99 27
99 55
99 83
99 99
100 38
100 77
100 90
100 100
101 101
102 102
103 4
103 5
103 8
103 12
103 15
103 16
103 20
103 24
103 26
103 27
103 30
103 33
103 42
103 45
103 46
103 47
103 55
103 56
103 57
103 59
103 62
103 66
103 67
103 68
103 69
103 71
103 72
103 76
103 78
103 79
103 82
103 83
103 88
103 91
103 93
103 97
103 99
103 102
103 103
