103 891
0 0
1 1
1 3
1 10
1 38
1 73
2 2
2 3
2 10
2 38
2 56
2 71
2 74
2 79
2 101
3 3
4 4
4 10
4 38
5 4
5 5
5 10
5 24
5 36
5 38
5 56
5 65
5 71
5 74
5 79
5 92
5 97
5 101
6 2
6 3
6 6
6 10
6 11
6 19
6 30
6 38
6 51
6 54
6 56
6 64
6 71
6 74
6 79
6 82
6 86
6 91
6 94
6 101
7 2
7 3
7 7
7 10
7 11
7 19
7 30
7 38
7 39
7 51
7 54
7 56
7 64
7 71
7 74
7 79
7 82
7 86
7 91
7 94
7 101
8 8
8 92
9 2
9 3
9 6
9 9
9 10
9 11
9 19
9 30
9 38
9 51
9 53
9 54
9 56
9 64
9 71
9 74
9 79
9 82
9 86
9 91
9 94
9 101
10 10
11 11
12 12
13 2
13 3
13 7
13 10
13 11
13 13
13 19
13 30
13 38
13 39
13 51
13 54
13 56
13 64
13 71
13 74
13 79
13 82
13 86
13 91
13 94
13 101
14 14
14 96
15 15
15 59
16 2
16 3
16 4
16 5
16 7
16 10
16 11
16 13
16 16
16 17
16 19
16 20
16 21
16 24
16 26
16 30
16 36
16 38
16 39
16 42
16 46
16 51
16 54
16 55
16 56
16 58
16 63
16 64
16 65
16 71
16 74
16 77
16 78
16 79
16 82
16 83
16 86
16 87
16 91
16 92
16 94
16 97
16 101
17 17
17 58
17 82
18 18
18 41
18 52
19 19
19 79
20 2
20 3
20 4
20 5
20 7
20 10
20 11
20 13
20 17
20 19
20 20
20 21
20 24
20 26
20 30
20 36
20 38
20 39
20 46
20 51
20 54
20 56
20 58
20 63
20 64
20 65
20 71
20 74
20 77
20 78
20 79
20 82
20 83
20 86
20 91
20 92
20 94
20 97
20 101
21 21
22 22
23 2
23 3
23 6
23 7
23 10
23 11
23 13
23 19
23 23
23 30
23 38
23 39
23 51
23 54
23 56
23 58
23 64
23 71
23 74
23 79
23 82
23 86
23 91
23 94
23 101
24 4
24 10
24 24
24 38
24 65
24 79
25 3
25 10
25 12
25 25
25 36
25 38
25 43
25 67
25 73
25 93
26 26
27 27
28 3
28 28
28 40
28 61
29 29
30 2
30 3
30 10
30 11
30 19
30 30
30 38
30 56
30 71
30 74
30 79
30 82
30 86
30 91
30 101
31 31
31 52
32 2
32 3
32 6
32 7
32 10
32 11
32 13
32 19
32 23
32 30
32 32
32 38
32 39
32 51
32 54
32 56
32 58
32 64
32 71
32 74
32 79
32 82
32 85
32 86
32 91
32 94
32 101
33 33
34 10
34 34
35 35
36 36
37 3
37 37
37 40
37 61
37 92
37 100
38 10
38 38
39 39
40 3
40 40
41 41
41 52
42 42
43 3
43 10
43 12
43 38
43 43
43 73
44 44
45 45
45 82
46 2
46 3
46 4
46 5
46 7
46 10
46 11
46 13
46 17
46 19
46 21
46 24
46 26
46 30
46 36
46 38
46 39
46 46
46 51
46 54
46 56
46 58
46 63
46 64
46 65
46 71
46 74
46 77
46 78
46 79
46 82
46 86
46 91
46 92
46 94
46 97
46 101
47 47
48 48
49 49
50 50
50 56
51 2
51 3
51 10
51 11
51 19
51 30
51 38
51 51
51 54
51 56
51 64
51 71
51 74
51 79
51 82
51 86
51 91
51 101
52 52
53 53
54 2
54 3
54 10
54 11
54 19
54 30
54 38
54 54
54 56
54 64
54 71
54 74
54 79
54 82
54 86
54 91
54 101
55 55
56 56
57 19
57 57
57 79
58 58
58 82
59 59
60 60
61 3
61 40
61 61
62 47
62 62
62 99
63 2
63 3
63 4
63 5
63 7
63 10
63 11
63 13
63 17
63 19
63 21
63 24
63 26
63 30
63 36
63 38
63 39
63 46
63 51
63 54
63 56
63 58
63 63
63 64
63 65
63 71
63 74
63 77
63 78
63 79
63 82
63 86
63 91
63 92
63 94
63 97
63 101
64 2
64 3
64 10
64 11
64 19
64 30
64 38
64 56
64 64
64 71
64 74
64 79
64 82
64 86
64 91
64 101
65 4
65 10
65 38
65 65
65 79
66 66
67 67
68 2
68 3
68 4
68 5
68 7
68 10
68 11
68 13
68 17
68 19
68 20
68 21
68 24
68 26
68 30
68 36
68 38
68 39
68 46
68 51
68 54
68 56
68 58
68 63
68 64
68 65
68 68
68 71
68 74
68 77
68 78
68 79
68 82
68 83
68 86
68 91
68 92
68 94
68 97
68 101
69 69
70 2
70 3
70 7
70 10
70 11
70 19
70 30
70 38
70 39
70 51
70 54
70 56
70 59
70 64
70 70
70 71
70 74
70 79
70 82
70 86
70 91
70 94
70 101
71 10
71 38
71 56
71 71
71 74
71 101
72 2
72 3
72 4
72 5
72 7
72 10
72 11
72 13
72 17
72 19
72 20
72 21
72 24
72 26
72 30
72 36
72 38
72 39
72 46
72 51
72 54
72 55
72 56
72 58
72 63
72 64
72 65
72 71
72 72
72 74
72 77
72 78
72 79
72 82
72 83
72 86
72 87
72 91
72 92
72 94
72 97
72 101
73 3
73 10
73 38
73 73
74 10
74 38
74 56
74 74
75 2
75 3
75 6
75 7
75 10
75 11
75 13
75 19
75 23
75 30
75 32
75 38
75 39
75 51
75 54
75 56
75 58
75 64
75 71
75 74
75 75
75 79
75 82
75 85
75 86
75 91
75 94
75 101
76 59
76 76
76 101
77 2
77 3
77 4
77 5
77 7
77 10
77 11
77 13
77 17
77 19
77 21
77 24
77 26
77 30
77 36
77 38
77 39
77 46
77 51
77 54
77 56
77 58
77 63
77 64
77 65
77 71
77 74
77 77
77 78
77 79
77 82
77 86
77 91
77 92
77 94
77 97
77 101
78 2
78 3
78 4
78 5
78 7
78 10
78 11
78 13
78 17
78 19
78 21
78 24
78 26
78 30
78 36
78 38
78 39
78 46
78 51
78 54
78 56
78 58
78 63
78 64
78 65
78 71
78 74
78 77
78 78
78 79
78 82
78 86
78 91
78 92
78 94
78 97
78 101
79 79
80 58
80 80
80 82
81 2
81 3
81 7
81 10
81 11
81 13
81 19
81 30
81 38
81 39
81 51
81 54
81 56
81 64
81 71
81 74
81 79
81 81
81 82
81 86
81 91
81 94
81 101
82 82
83 83
84 84
85 85
86 2
86 3
86 10
86 19
86 38
86 56
86 71
86 74
86 79
86 86
86 101
87 2
87 3
87 4
87 5
87 7
87 10
87 11
87 13
87 17
87 19
87 20
87 21
87 24
87 26
87 30
87 36
87 38
87 39
87 46
87 51
87 54
87 55
87 56
87 58
87 63
87 64
87 65
87 71
87 74
87 77
87 78
87 79
87 82
87 83
87 86
87 87
87 91
87 92
87 94
87 97
87 101
88 33
88 88
89 1
89 3
89 10
89 38
89 73
89 89
90 48
90 50
90 56
90 69
90 90
91 2
91 3
91 10
91 19
91 38
91 56
91 71
91 74
91 79
91 86
91 91
91 101
92 92
93 3
93 10
93 12
93 36
93 38
93 43
93 67
93 73
93 93
94 2
94 3
94 10
94 11
94 19
94 30
94 38
94 51
94 54
94 56
94 64
94 71
94 74
94 79
94 82
94 86
94 91
94 94
94 101
95 95
96 96
97 36
97 92
97 97
98 98
99 47
99 99
100 3
100 40
100 61
100 92
100 100
101 101
102 2
102 3
102 8
102 10
102 11
102 19
102 30
102 38
102 51
102 53
102 54
102 56
102 64
102 71
102 74
102 79
102 82
102 86
102 91
102 92
102 101
102 102
